{"target": 0.61, "params": {"K": 25.0, "L": 3.0, "alpha": 25.0, "scaleMult": 1.5, "scalesNum": 5.0}, "datetime": {"datetime": "2020-09-18 11:58:20", "elapsed": 0.0, "delta": 0.0}}
{"target": 0.67, "params": {"K": 68.38308065836037, "L": 3.8812979737686324, "alpha": 25.025734333902598, "scaleMult": 2.4651617221069584, "scalesNum": 2.7337794540855653}, "datetime": {"datetime": "2020-09-18 11:58:20", "elapsed": 0.000286, "delta": 0.000286}}
{"target": 0.535, "params": {"K": 22.927403267631693, "L": 1.7450408455106836, "alpha": 102.75116358468574, "scaleMult": 3.0789885824993544, "scalesNum": 4.694083670016784}, "datetime": {"datetime": "2020-09-18 11:58:20", "elapsed": 0.000515, "delta": 0.000229}}
{"target": 0.615, "params": {"K": 68.68723201646128, "L": 3.740878001587038, "alpha": 71.00175618959142, "scaleMult": 6.207763336541145, "scalesNum": 2.136937965989631}, "datetime": {"datetime": "2020-09-18 11:58:20", "elapsed": 0.00073, "delta": 0.000215}}
{"target": 0.6275, "params": {"K": 103.86545142497631, "L": 2.669219209468508, "alpha": 150.7052114002941, "scaleMult": 1.4125151008690195, "scalesNum": 2.990507445424394}, "datetime": {"datetime": "2020-09-18 11:58:20", "elapsed": 0.000949, "delta": 0.000219}}
{"target": 0.6375, "params": {"K": 122.10423961457514, "L": 4.87304630287759, "alpha": 95.52044008582963, "scaleMult": 5.000097001850541, "scalesNum": 6.381945761480192}, "datetime": {"datetime": "2020-09-18 11:58:20", "elapsed": 0.001168, "delta": 0.000219}}
{"target": 0.6075, "params": {"K": 69.25950592623981, "L": 2.727990449501769, "alpha": 26.763481447274632, "scaleMult": 3.1012269296231576, "scalesNum": 4.235076195093178}, "datetime": {"datetime": "2020-09-18 11:58:20", "elapsed": 0.001388, "delta": 0.00022}}
{"target": 0.6025, "params": {"K": 51.98580860068678, "L": 2.8338508798968816, "alpha": 156.88099480442418, "scaleMult": 5.330069916116239, "scalesNum": 4.370987926682959}, "datetime": {"datetime": "2020-09-18 11:58:20", "elapsed": 0.001607, "delta": 0.000219}}
{"target": 0.6325, "params": {"K": 113.06503245883191, "L": 3.7618413459900517, "alpha": 46.56950147175044, "scaleMult": 4.885060486875589, "scalesNum": 5.259382827369779}, "datetime": {"datetime": "2020-09-18 11:58:20", "elapsed": 0.001822, "delta": 0.000215}}
{"target": 0.6375, "params": {"K": 64.38685563398266, "L": 4.7030088239062735, "alpha": 215.97261554642748, "scaleMult": 4.31247066435251, "scalesNum": 3.0969325660128115}, "datetime": {"datetime": "2020-09-18 11:58:20", "elapsed": 0.002043, "delta": 0.000221}}
{"target": 0.5575, "params": {"K": 21.325932454075442, "L": 4.3998710529164375, "alpha": 205.2882980682313, "scaleMult": 4.9713742998943795, "scalesNum": 5.780070606851412}, "datetime": {"datetime": "2020-09-18 11:58:20", "elapsed": 0.002273, "delta": 0.00023}}
{"target": 0.5875, "params": {"K": 42.73832699818305, "L": 1.549515789760346, "alpha": 223.8913403715041, "scaleMult": 0.5382452637017544, "scalesNum": 5.744534717911966}, "datetime": {"datetime": "2020-09-18 11:58:20", "elapsed": 0.002497, "delta": 0.000224}}
{"target": 0.5675, "params": {"K": 87.0621540756468, "L": 1.85620589641352, "alpha": 246.10002469444396, "scaleMult": 3.2713082137591476, "scalesNum": 6.125244572938359}, "datetime": {"datetime": "2020-09-18 11:58:20", "elapsed": 0.002726, "delta": 0.000229}}
{"target": 0.6075, "params": {"K": 67.65549040886518, "L": 2.7422051286838447, "alpha": 25.418918276693624, "scaleMult": 3.196933848682319, "scalesNum": 2.7443911620837}, "datetime": {"datetime": "2020-09-18 11:58:20", "elapsed": 0.002957, "delta": 0.000231}}
{"target": 0.6, "params": {"K": 113.44642473708909, "L": 3.940499714804444, "alpha": 46.56643978902984, "scaleMult": 6.139834056419494, "scalesNum": 5.652994954207132}, "datetime": {"datetime": "2020-09-18 11:58:20", "elapsed": 0.003192, "delta": 0.000235}}
{"target": 0.5475, "params": {"K": 75.64817162600687, "L": 1.1506145924973534, "alpha": 54.30045219704401, "scaleMult": 5.086960996030095, "scalesNum": 4.342429178061552}, "datetime": {"datetime": "2020-09-18 11:58:20", "elapsed": 0.003394, "delta": 0.000202}}
{"target": 0.6225, "params": {"K": 65.93368915209427, "L": 4.925194422329174, "alpha": 216.25303236293772, "scaleMult": 2.6546047791834395, "scalesNum": 2.8963958070524862}, "datetime": {"datetime": "2020-09-18 11:58:20", "elapsed": 0.003589, "delta": 0.000195}}
{"target": 0.6275, "params": {"K": 111.90632048855878, "L": 4.68552245676209, "alpha": 47.43352801047537, "scaleMult": 5.293575590272624, "scalesNum": 6.208202742352978}, "datetime": {"datetime": "2020-09-18 11:58:20", "elapsed": 0.003809, "delta": 0.00022}}
{"target": 0.63, "params": {"K": 64.4773793536074, "L": 3.617753379170319, "alpha": 217.31389234360842, "scaleMult": 4.363041936876732, "scalesNum": 4.340957248757359}, "datetime": {"datetime": "2020-09-18 11:58:20", "elapsed": 0.004047, "delta": 0.000238}}
{"target": 0.665, "params": {"K": 68.76242359923236, "L": 3.407790599807622, "alpha": 25.41917628254456, "scaleMult": 1.4857951852877695, "scalesNum": 5.1809092733332145}, "datetime": {"datetime": "2020-09-18 11:58:20", "elapsed": 0.004291, "delta": 0.000244}}
{"target": 0.6375, "params": {"K": 66.55267624433024, "L": 3.373647908023587, "alpha": 26.08634503816516, "scaleMult": 2.116313319074272, "scalesNum": 4.929067449702529}, "datetime": {"datetime": "2020-09-18 11:58:20", "elapsed": 0.004544, "delta": 0.000253}}
{"target": 0.6475, "params": {"K": 68.11902450816292, "L": 4.397665339443439, "alpha": 26.35101781274264, "scaleMult": 1.3423961559796962, "scalesNum": 5.386820000106006}, "datetime": {"datetime": "2020-09-18 11:58:20", "elapsed": 0.004811, "delta": 0.000267}}
{"target": 0.6575, "params": {"K": 66.921762509552, "L": 3.702718754612496, "alpha": 26.522027510530258, "scaleMult": 1.1216582171741845, "scalesNum": 2.993126652073086}, "datetime": {"datetime": "2020-09-18 11:58:20", "elapsed": 0.00506, "delta": 0.000249}}
{"target": 0.6775, "params": {"K": 113.47290667478173, "L": 4.244860441569179, "alpha": 48.37233251633503, "scaleMult": 2.115224203103492, "scalesNum": 4.772648140133542}, "datetime": {"datetime": "2020-09-18 11:58:20", "elapsed": 0.005295, "delta": 0.000235}}
{"target": 0.6775, "params": {"K": 68.04145875015958, "L": 4.614994767520171, "alpha": 25.04597656076325, "scaleMult": 0.5919088815821042, "scalesNum": 3.9528585892691943}, "datetime": {"datetime": "2020-09-18 11:58:20", "elapsed": 0.005509, "delta": 0.000214}}
{"target": 0.69, "params": {"K": 112.2866379683297, "L": 4.10146354094719, "alpha": 47.47251214004696, "scaleMult": 1.4947798753414567, "scalesNum": 2.690041310109736}, "datetime": {"datetime": "2020-09-18 11:58:20", "elapsed": 0.005721, "delta": 0.000212}}
{"target": 0.5925, "params": {"K": 71.03928629988053, "L": 1.1037049273115653, "alpha": 148.67405752270957, "scaleMult": 3.3295955520188, "scalesNum": 4.101839010437445}, "datetime": {"datetime": "2020-09-18 11:58:20", "elapsed": 0.00593, "delta": 0.000209}}
{"target": 0.575, "params": {"K": 56.24687494054238, "L": 1.81859453615137, "alpha": 164.33596742889932, "scaleMult": 2.4477553788844, "scalesNum": 3.3341363755143334}, "datetime": {"datetime": "2020-09-18 11:58:20", "elapsed": 0.00614, "delta": 0.00021}}
{"target": 0.65, "params": {"K": 96.95873658770128, "L": 3.1165683771081563, "alpha": 55.28048770261005, "scaleMult": 3.838257788227352, "scalesNum": 2.9221993282345764}, "datetime": {"datetime": "2020-09-18 11:58:20", "elapsed": 0.006358, "delta": 0.000218}}
{"target": 0.67, "params": {"K": 119.94692069433428, "L": 4.415901170557955, "alpha": 136.20328841093374, "scaleMult": 6.002649654823542, "scalesNum": 2.398227385045305}, "datetime": {"datetime": "2020-09-18 11:58:20", "elapsed": 0.006575, "delta": 0.000217}}
{"target": 0.59, "params": {"K": 80.73445261703856, "L": 1.2611460175475124, "alpha": 121.32752370941263, "scaleMult": 1.1274509517939817, "scalesNum": 2.6357998585063873}, "datetime": {"datetime": "2020-09-18 11:58:20", "elapsed": 0.006792, "delta": 0.000217}}
{"target": 0.6075, "params": {"K": 109.31914721075178, "L": 2.379286922838172, "alpha": 48.32699018612733, "scaleMult": 1.7104609622048725, "scalesNum": 4.450479420528099}, "datetime": {"datetime": "2020-09-18 11:58:20", "elapsed": 0.007028, "delta": 0.000236}}
{"target": 0.665, "params": {"K": 111.47127810458436, "L": 4.845947314704258, "alpha": 46.522362250877805, "scaleMult": 2.4472005470294835, "scalesNum": 3.069747431664308}, "datetime": {"datetime": "2020-09-18 11:58:20", "elapsed": 0.007263, "delta": 0.000235}}
{"target": 0.6675, "params": {"K": 114.1535570210855, "L": 4.273547668171071, "alpha": 46.08949828584815, "scaleMult": 0.9593432207521371, "scalesNum": 4.302596172753873}, "datetime": {"datetime": "2020-09-18 11:58:20", "elapsed": 0.00749, "delta": 0.000227}}
{"target": 0.665, "params": {"K": 71.24744069821227, "L": 3.811351141081982, "alpha": 26.189820578398574, "scaleMult": 0.5947996295317919, "scalesNum": 3.1883877592237835}, "datetime": {"datetime": "2020-09-18 11:58:20", "elapsed": 0.007715, "delta": 0.000225}}
{"target": 0.6575, "params": {"K": 114.54948818231165, "L": 5.0, "alpha": 48.90978736167663, "scaleMult": 1.3280240535621515, "scalesNum": 2.0}, "datetime": {"datetime": "2020-09-18 11:58:20", "elapsed": 0.007962, "delta": 0.000247}}
{"target": 0.5725, "params": {"K": 120.42334614941736, "L": 2.5182690291228886, "alpha": 137.00514561125647, "scaleMult": 6.774227357806434, "scalesNum": 5.393000901367294}, "datetime": {"datetime": "2020-09-18 11:58:20", "elapsed": 0.008206, "delta": 0.000244}}
{"target": 0.64, "params": {"K": 118.73735609207726, "L": 5.0, "alpha": 134.16673827823598, "scaleMult": 4.044411443245668, "scalesNum": 2.0}, "datetime": {"datetime": "2020-09-18 11:58:20", "elapsed": 0.008406, "delta": 0.0002}}
{"target": 0.6, "params": {"K": 114.04115926851298, "L": 2.6471958953864547, "alpha": 47.167287602895215, "scaleMult": 2.6981231272171393, "scalesNum": 2.946666924834532}, "datetime": {"datetime": "2020-09-18 11:58:20", "elapsed": 0.008605, "delta": 0.000199}}
{"target": 0.65, "params": {"K": 72.3218329701483, "L": 4.835604960218864, "alpha": 25.533447539238765, "scaleMult": 2.0433156664692107, "scalesNum": 4.875524822100951}, "datetime": {"datetime": "2020-09-18 11:58:20", "elapsed": 0.008806, "delta": 0.000201}}
{"target": 0.665, "params": {"K": 110.85050588734964, "L": 3.9873283508190935, "alpha": 50.429558887051485, "scaleMult": 2.51822268642369, "scalesNum": 2.556902339632595}, "datetime": {"datetime": "2020-09-18 11:58:20", "elapsed": 0.00901, "delta": 0.000204}}
{"target": 0.6525, "params": {"K": 113.60434018567895, "L": 4.859627116053348, "alpha": 42.97004015620051, "scaleMult": 0.7097013464952546, "scalesNum": 3.8192927415455022}, "datetime": {"datetime": "2020-09-18 11:58:20", "elapsed": 0.009221, "delta": 0.000211}}
{"target": 0.64, "params": {"K": 113.6310323801783, "L": 3.8187167785855136, "alpha": 54.884043081117284, "scaleMult": 1.4059183284512617, "scalesNum": 3.5166885679890645}, "datetime": {"datetime": "2020-09-18 11:58:20", "elapsed": 0.009433, "delta": 0.000212}}
{"target": 0.6375, "params": {"K": 112.5596817642903, "L": 4.0255934747231965, "alpha": 43.07394234805611, "scaleMult": 1.6165324653302307, "scalesNum": 6.342513258393831}, "datetime": {"datetime": "2020-09-18 11:58:20", "elapsed": 0.009641, "delta": 0.000208}}
{"target": 0.6275, "params": {"K": 112.15875171633522, "L": 5.0, "alpha": 48.619796962410064, "scaleMult": 0.5, "scalesNum": 3.682556117095642}, "datetime": {"datetime": "2020-09-18 11:58:20", "elapsed": 0.009849, "delta": 0.000208}}
{"target": 0.625, "params": {"K": 113.20138543110187, "L": 3.683781673939056, "alpha": 49.8001848078183, "scaleMult": 4.062062590800076, "scalesNum": 3.2295414431212275}, "datetime": {"datetime": "2020-09-18 11:58:20", "elapsed": 0.010061, "delta": 0.000212}}
{"target": 0.6325, "params": {"K": 110.7380133427555, "L": 2.940577321289143, "alpha": 44.63842676957273, "scaleMult": 1.1801048974622703, "scalesNum": 2.303423489181514}, "datetime": {"datetime": "2020-09-18 11:58:20", "elapsed": 0.010277, "delta": 0.000216}}
{"target": 0.6525, "params": {"K": 115.79023178046305, "L": 4.2679902980257065, "alpha": 49.08246867377221, "scaleMult": 1.6940294179843138, "scalesNum": 5.9356724137686765}, "datetime": {"datetime": "2020-09-18 11:58:20", "elapsed": 0.010492, "delta": 0.000215}}
{"target": 0.6125, "params": {"K": 70.46067709810072, "L": 1.5183940859533078, "alpha": 25.427289596398335, "scaleMult": 0.6210017283449997, "scalesNum": 5.915820885692687}, "datetime": {"datetime": "2020-09-18 11:58:20", "elapsed": 0.010714, "delta": 0.000222}}
{"target": 0.6775, "params": {"K": 114.09735453987861, "L": 4.877156538855731, "alpha": 47.90489925932155, "scaleMult": 0.9355581313499235, "scalesNum": 3.862446625703033}, "datetime": {"datetime": "2020-09-18 11:58:20", "elapsed": 0.010933, "delta": 0.000219}}
{"target": 0.6625, "params": {"K": 113.7412654165497, "L": 5.0, "alpha": 46.95680124714674, "scaleMult": 1.9737145223511205, "scalesNum": 5.989488870889649}, "datetime": {"datetime": "2020-09-18 11:58:20", "elapsed": 0.011152, "delta": 0.000219}}
{"target": 0.645, "params": {"K": 71.03928629988053, "L": 4.0, "alpha": 148.67405752270957, "scaleMult": 3.3295955520188, "scalesNum": 4.101839010437445}, "datetime": {"datetime": "2020-09-18 12:08:29", "elapsed": 608.760587, "delta": 608.749435}}
{"target": 0.6525, "params": {"K": 56.24687494054238, "L": 4.0, "alpha": 164.33596742889932, "scaleMult": 2.4477553788844, "scalesNum": 3.3341363755143334}, "datetime": {"datetime": "2020-09-18 12:16:02", "elapsed": 1061.681514, "delta": 452.920927}}
{"target": 0.6175, "params": {"K": 96.95873658770128, "L": 4.0, "alpha": 55.28048770261005, "scaleMult": 3.838257788227352, "scalesNum": 2.9221993282345764}, "datetime": {"datetime": "2020-09-18 12:21:56", "elapsed": 1415.928807, "delta": 354.247293}}
{"target": 0.6625, "params": {"K": 119.94692069433428, "L": 4.0, "alpha": 136.20328841093374, "scaleMult": 6.002649654823542, "scalesNum": 2.398227385045305}, "datetime": {"datetime": "2020-09-18 12:31:47", "elapsed": 2006.241731, "delta": 590.312924}}
{"target": 0.6625, "params": {"K": 80.73445261703856, "L": 4.0, "alpha": 121.32752370941263, "scaleMult": 1.1274509517939817, "scalesNum": 2.6357998585063873}, "datetime": {"datetime": "2020-09-18 12:39:06", "elapsed": 2445.296262, "delta": 439.054531}}
{"target": 0.6825, "params": {"K": 73.21062935115285, "L": 4.0, "alpha": 25.857368032808022, "scaleMult": 0.5073038893560181, "scalesNum": 3.763886171232004}, "datetime": {"datetime": "2020-09-18 12:46:28", "elapsed": 2888.153369, "delta": 442.857107}}
{"target": 0.6625, "params": {"K": 75.36493367951518, "L": 4.0, "alpha": 27.812943669350247, "scaleMult": 1.2728169260542612, "scalesNum": 4.554100675628028}, "datetime": {"datetime": "2020-09-18 12:56:30", "elapsed": 3489.699943, "delta": 601.546574}}
{"target": 0.6575, "params": {"K": 74.42796523207784, "L": 4.0, "alpha": 26.685756669998256, "scaleMult": 1.1460800917074503, "scalesNum": 4.737810249151373}, "datetime": {"datetime": "2020-09-18 13:05:53", "elapsed": 4052.817077, "delta": 563.117134}}
{"target": 0.6575, "params": {"K": 113.36599183922628, "L": 4.0, "alpha": 46.34525170284741, "scaleMult": 1.222950331779233, "scalesNum": 3.1635520674993427}, "datetime": {"datetime": "2020-09-18 13:12:21", "elapsed": 4440.292186, "delta": 387.475109}}
{"target": 0.6675, "params": {"K": 75.88982939610736, "L": 4.0, "alpha": 26.398154996136842, "scaleMult": 2.195754732445007, "scalesNum": 2.6364756345435603}, "datetime": {"datetime": "2020-09-18 13:16:53", "elapsed": 4713.001889, "delta": 272.709703}}
{"target": 0.6275, "params": {"K": 76.53771998042441, "L": 4.0, "alpha": 27.409706964687636, "scaleMult": 3.3064323705974834, "scalesNum": 3.3534249897546013}, "datetime": {"datetime": "2020-09-18 13:23:20", "elapsed": 5099.841909, "delta": 386.84002}}
{"target": 0.675, "params": {"K": 75.74827045433645, "L": 4.0, "alpha": 25.343331733478486, "scaleMult": 0.7749115632564515, "scalesNum": 3.619578038029239}, "datetime": {"datetime": "2020-09-18 13:28:51", "elapsed": 5430.951389, "delta": 331.10948}}
{"target": 0.6725, "params": {"K": 68.77950521085509, "L": 4.0, "alpha": 25.72982295391839, "scaleMult": 1.5825767578672534, "scalesNum": 3.7111840391822017}, "datetime": {"datetime": "2020-09-18 13:34:26", "elapsed": 5765.635129, "delta": 334.68374}}
{"target": 0.665, "params": {"K": 73.31063290952466, "L": 4.0, "alpha": 27.574750573550087, "scaleMult": 1.7395864704176562, "scalesNum": 2.251061331711735}, "datetime": {"datetime": "2020-09-18 13:38:53", "elapsed": 6032.385022, "delta": 266.749893}}
{"target": 0.6575, "params": {"K": 74.1346858532346, "L": 4.0, "alpha": 30.782070987740795, "scaleMult": 0.6681233132386992, "scalesNum": 2.4024636853683745}, "datetime": {"datetime": "2020-09-18 13:43:09", "elapsed": 6288.782977, "delta": 256.397955}}
{"target": 0.675, "params": {"K": 71.14178663616802, "L": 4.0, "alpha": 28.54518209526968, "scaleMult": 0.504098955265684, "scalesNum": 2.5204845255872392}, "datetime": {"datetime": "2020-09-18 13:47:19", "elapsed": 6538.784795, "delta": 250.001818}}
{"target": 0.66, "params": {"K": 80.32335795807987, "L": 4.0, "alpha": 121.35908354595153, "scaleMult": 0.9193155857209188, "scalesNum": 5.057784194463856}, "datetime": {"datetime": "2020-09-18 13:56:53", "elapsed": 7112.428057, "delta": 573.643262}}
{"target": 0.6775, "params": {"K": 70.71678717468785, "L": 4.0, "alpha": 30.03396854361873, "scaleMult": 0.5589891038025349, "scalesNum": 3.297383366323677}, "datetime": {"datetime": "2020-09-18 14:02:03", "elapsed": 7422.949411, "delta": 310.521354}}
{"target": 0.655, "params": {"K": 74.94103300600756, "L": 4.0, "alpha": 25.35024779623068, "scaleMult": 1.2518197277024807, "scalesNum": 2.557382851771753}, "datetime": {"datetime": "2020-09-18 14:06:19", "elapsed": 7678.723148, "delta": 255.773737}}
{"target": 0.6725, "params": {"K": 71.71828190400403, "L": 4.0, "alpha": 31.441116712282792, "scaleMult": 0.7484906332886674, "scalesNum": 4.796312256415439}, "datetime": {"datetime": "2020-09-18 14:12:59", "elapsed": 8079.174778, "delta": 400.45163}}
{"target": 0.6575, "params": {"K": 71.89024199348032, "L": 4.0, "alpha": 29.71874138756932, "scaleMult": 2.819171596522321, "scalesNum": 2.996506070053474}, "datetime": {"datetime": "2020-09-18 14:17:34", "elapsed": 8353.433288, "delta": 274.25851}}
{"target": 0.6825, "params": {"K": 69.15390727493053, "L": 4.0, "alpha": 32.060873723654865, "scaleMult": 0.5173520539796204, "scalesNum": 4.149433092881486}, "datetime": {"datetime": "2020-09-18 14:24:05", "elapsed": 8744.35531, "delta": 390.922022}}
{"target": 0.66, "params": {"K": 67.84254563145956, "L": 4.0, "alpha": 34.12593664788768, "scaleMult": 1.4853463813397068, "scalesNum": 4.101000425690116}, "datetime": {"datetime": "2020-09-18 14:31:09", "elapsed": 9168.967965, "delta": 424.612655}}
{"target": 0.645, "params": {"K": 69.09300107636767, "L": 4.0, "alpha": 31.273314273034924, "scaleMult": 2.602958520777563, "scalesNum": 4.0924442098746745}, "datetime": {"datetime": "2020-09-18 14:39:06", "elapsed": 9646.208521, "delta": 477.240556}}
{"target": 0.6225, "params": {"K": 70.93137622481493, "L": 4.0, "alpha": 33.08794887964832, "scaleMult": 2.537044999228639, "scalesNum": 5.527794930307454}, "datetime": {"datetime": "2020-09-18 14:49:16", "elapsed": 10255.229973, "delta": 609.021452}}
